<?xml version="1.0" encoding="UTF-8"?>
<robot generator="Robot 4.1.2 (Python 3.10.1 on win32)" generated="20211211 15:49:11.608" rpa="false" schemaversion="2">
<suite id="s1" name="Test" source="c:\qaninja\robot\test.robot">
<test id="s1-t1" name="Deve retornar mensagem de boas vindas">
<kw name="Welcome" library="app">
<var>${result}</var>
<arg>Welquer</arg>
<msg timestamp="20211211 15:49:11.661" level="INFO">${result} = Olá Welquer, bem vindo ao Curso básico de Robot Framework!</msg>
<status status="PASS" starttime="20211211 15:49:11.661" endtime="20211211 15:49:11.661"/>
</kw>
<kw name="Should Be Equal" library="BuiltIn">
<arg>${result}</arg>
<arg>Olá Welquer, bem vindo ao Curso básico de Robot Framework!</arg>
<doc>Fails if the given objects are unequal.</doc>
<status status="PASS" starttime="20211211 15:49:11.661" endtime="20211211 15:49:11.661"/>
</kw>
<status status="PASS" starttime="20211211 15:49:11.661" endtime="20211211 15:49:11.661"/>
</test>
<status status="PASS" starttime="20211211 15:49:11.617" endtime="20211211 15:49:11.670"/>
</suite>
<statistics>
<total>
<stat pass="1" fail="0" skip="0">All Tests</stat>
</total>
<tag>
</tag>
<suite>
<stat pass="1" fail="0" skip="0" id="s1" name="Test">Test</stat>
</suite>
</statistics>
<errors>
</errors>
</robot>
