<?xml version="1.0" encoding="UTF-8"?>
<robot generator="Robot 4.1.2 (Python 3.10.1 on win32)" generated="20220115 19:43:38.743" rpa="false" schemaversion="2">
<suite id="s1" name="Tests" source="C:\robot-beginner\robot\web\tests">
<suite id="s1-s1" name="Checkbox" source="C:\robot-beginner\robot\web\tests\checkbox.robot">
<test id="s1-s1-t1" name="Marcando Opção com Id">
<kw name="Nova sessão" library="base" type="SETUP">
<kw name="Open Browser" library="SeleniumLibrary">
<arg>${url}</arg>
<arg>chrome</arg>
<doc>Opens a new browser instance to the optional ``url``.</doc>
<msg timestamp="20220115 19:43:38.904" level="INFO">Opening browser 'chrome' to base url 'https://training-wheels-protocol.herokuapp.com'.</msg>
<status status="PASS" starttime="20220115 19:43:38.904" endtime="20220115 19:43:47.884"/>
</kw>
<status status="PASS" starttime="20220115 19:43:38.904" endtime="20220115 19:43:47.885"/>
</kw>
<kw name="Go To" library="SeleniumLibrary">
<arg>${url}/checkboxes</arg>
<doc>Navigates the current browser window to the provided ``url``.</doc>
<msg timestamp="20220115 19:43:47.886" level="INFO">Opening url 'https://training-wheels-protocol.herokuapp.com/checkboxes'</msg>
<status status="PASS" starttime="20220115 19:43:47.885" endtime="20220115 19:43:48.123"/>
</kw>
<kw name="Select Checkbox" library="SeleniumLibrary">
<arg>${check_thor}</arg>
<doc>Selects the checkbox identified by ``locator``.</doc>
<msg timestamp="20220115 19:43:48.123" level="INFO">Selecting checkbox 'id:thor'.</msg>
<status status="PASS" starttime="20220115 19:43:48.123" endtime="20220115 19:43:48.213"/>
</kw>
<kw name="Checkbox Should Be Selected" library="SeleniumLibrary">
<arg>${check_thor}</arg>
<doc>Verifies checkbox ``locator`` is selected/checked.</doc>
<msg timestamp="20220115 19:43:48.214" level="INFO">Verifying checkbox 'id:thor' is selected.</msg>
<status status="PASS" starttime="20220115 19:43:48.214" endtime="20220115 19:43:48.244"/>
</kw>
<kw name="Encerrar sessão" library="base" type="TEARDOWN">
<kw name="Capture Page Screenshot" library="SeleniumLibrary">
<doc>Takes a screenshot of the current page and embeds it into a log file.</doc>
<msg timestamp="20220115 19:43:48.425" level="INFO" html="true">&lt;/td&gt;&lt;/tr&gt;&lt;tr&gt;&lt;td colspan="3"&gt;&lt;a href="selenium-screenshot-1.png"&gt;&lt;img src="selenium-screenshot-1.png" width="800px"&gt;&lt;/a&gt;</msg>
<status status="PASS" starttime="20220115 19:43:48.245" endtime="20220115 19:43:48.425"/>
</kw>
<kw name="Close Browser" library="SeleniumLibrary">
<doc>Closes the current browser.</doc>
<status status="PASS" starttime="20220115 19:43:48.425" endtime="20220115 19:43:50.576"/>
</kw>
<status status="PASS" starttime="20220115 19:43:48.245" endtime="20220115 19:43:50.576"/>
</kw>
<status status="PASS" starttime="20220115 19:43:38.904" endtime="20220115 19:43:50.577"/>
</test>
<test id="s1-s1-t2" name="Marcando Opção com CSS Selector">
<kw name="Nova sessão" library="base" type="SETUP">
<kw name="Open Browser" library="SeleniumLibrary">
<arg>${url}</arg>
<arg>chrome</arg>
<doc>Opens a new browser instance to the optional ``url``.</doc>
<msg timestamp="20220115 19:43:50.581" level="INFO">Opening browser 'chrome' to base url 'https://training-wheels-protocol.herokuapp.com'.</msg>
<status status="PASS" starttime="20220115 19:43:50.580" endtime="20220115 19:44:00.245"/>
</kw>
<status status="PASS" starttime="20220115 19:43:50.580" endtime="20220115 19:44:00.245"/>
</kw>
<kw name="Go To" library="SeleniumLibrary">
<arg>${url}/checkboxes</arg>
<doc>Navigates the current browser window to the provided ``url``.</doc>
<msg timestamp="20220115 19:44:00.246" level="INFO">Opening url 'https://training-wheels-protocol.herokuapp.com/checkboxes'</msg>
<status status="PASS" starttime="20220115 19:44:00.246" endtime="20220115 19:44:00.484"/>
</kw>
<kw name="Select Checkbox" library="SeleniumLibrary">
<arg>${check_iron}</arg>
<doc>Selects the checkbox identified by ``locator``.</doc>
<msg timestamp="20220115 19:44:00.485" level="INFO">Selecting checkbox 'css:input[value='iron-man']'.</msg>
<status status="PASS" starttime="20220115 19:44:00.484" endtime="20220115 19:44:00.562"/>
</kw>
<kw name="Checkbox Should Be Selected" library="SeleniumLibrary">
<arg>${check_iron}</arg>
<doc>Verifies checkbox ``locator`` is selected/checked.</doc>
<msg timestamp="20220115 19:44:00.563" level="INFO">Verifying checkbox 'css:input[value='iron-man']' is selected.</msg>
<status status="PASS" starttime="20220115 19:44:00.563" endtime="20220115 19:44:00.589"/>
</kw>
<kw name="Encerrar sessão" library="base" type="TEARDOWN">
<kw name="Capture Page Screenshot" library="SeleniumLibrary">
<doc>Takes a screenshot of the current page and embeds it into a log file.</doc>
<msg timestamp="20220115 19:44:00.772" level="INFO" html="true">&lt;/td&gt;&lt;/tr&gt;&lt;tr&gt;&lt;td colspan="3"&gt;&lt;a href="selenium-screenshot-2.png"&gt;&lt;img src="selenium-screenshot-2.png" width="800px"&gt;&lt;/a&gt;</msg>
<status status="PASS" starttime="20220115 19:44:00.590" endtime="20220115 19:44:00.772"/>
</kw>
<kw name="Close Browser" library="SeleniumLibrary">
<doc>Closes the current browser.</doc>
<status status="PASS" starttime="20220115 19:44:00.773" endtime="20220115 19:44:02.912"/>
</kw>
<status status="PASS" starttime="20220115 19:44:00.590" endtime="20220115 19:44:02.913"/>
</kw>
<tag>ironman</tag>
<status status="PASS" starttime="20220115 19:43:50.578" endtime="20220115 19:44:02.914"/>
</test>
<test id="s1-s1-t3" name="Marcando Opção com Xpath">
<kw name="Nova sessão" library="base" type="SETUP">
<kw name="Open Browser" library="SeleniumLibrary">
<arg>${url}</arg>
<arg>chrome</arg>
<doc>Opens a new browser instance to the optional ``url``.</doc>
<msg timestamp="20220115 19:44:02.918" level="INFO">Opening browser 'chrome' to base url 'https://training-wheels-protocol.herokuapp.com'.</msg>
<status status="PASS" starttime="20220115 19:44:02.918" endtime="20220115 19:44:06.701"/>
</kw>
<status status="PASS" starttime="20220115 19:44:02.917" endtime="20220115 19:44:06.701"/>
</kw>
<kw name="Go To" library="SeleniumLibrary">
<arg>${url}/checkboxes</arg>
<doc>Navigates the current browser window to the provided ``url``.</doc>
<msg timestamp="20220115 19:44:06.702" level="INFO">Opening url 'https://training-wheels-protocol.herokuapp.com/checkboxes'</msg>
<status status="PASS" starttime="20220115 19:44:06.702" endtime="20220115 19:44:06.941"/>
</kw>
<kw name="Select Checkbox" library="SeleniumLibrary">
<arg>${check_panther}</arg>
<doc>Selects the checkbox identified by ``locator``.</doc>
<msg timestamp="20220115 19:44:06.942" level="INFO">Selecting checkbox 'Xpath://*[@id='checkboxes']/input[7]'.</msg>
<status status="PASS" starttime="20220115 19:44:06.941" endtime="20220115 19:44:07.020"/>
</kw>
<kw name="Checkbox Should Be Selected" library="SeleniumLibrary">
<arg>${check_panther}</arg>
<doc>Verifies checkbox ``locator`` is selected/checked.</doc>
<msg timestamp="20220115 19:44:07.021" level="INFO">Verifying checkbox 'Xpath://*[@id='checkboxes']/input[7]' is selected.</msg>
<status status="PASS" starttime="20220115 19:44:07.021" endtime="20220115 19:44:07.046"/>
</kw>
<kw name="Encerrar sessão" library="base" type="TEARDOWN">
<kw name="Capture Page Screenshot" library="SeleniumLibrary">
<doc>Takes a screenshot of the current page and embeds it into a log file.</doc>
<msg timestamp="20220115 19:44:07.193" level="INFO" html="true">&lt;/td&gt;&lt;/tr&gt;&lt;tr&gt;&lt;td colspan="3"&gt;&lt;a href="selenium-screenshot-3.png"&gt;&lt;img src="selenium-screenshot-3.png" width="800px"&gt;&lt;/a&gt;</msg>
<status status="PASS" starttime="20220115 19:44:07.047" endtime="20220115 19:44:07.193"/>
</kw>
<kw name="Close Browser" library="SeleniumLibrary">
<doc>Closes the current browser.</doc>
<status status="PASS" starttime="20220115 19:44:07.193" endtime="20220115 19:44:09.302"/>
</kw>
<status status="PASS" starttime="20220115 19:44:07.046" endtime="20220115 19:44:09.303"/>
</kw>
<tag>ironman</tag>
<status status="PASS" starttime="20220115 19:44:02.916" endtime="20220115 19:44:09.304"/>
</test>
<status status="PASS" starttime="20220115 19:43:38.758" endtime="20220115 19:44:09.306"/>
</suite>
<suite id="s1-s2" name="Title" source="C:\robot-beginner\robot\web\tests\title.robot">
<test id="s1-s2-t1" name="Should See Page Title">
<kw name="Nova sessão" library="base" type="SETUP">
<kw name="Open Browser" library="SeleniumLibrary">
<arg>${url}</arg>
<arg>chrome</arg>
<doc>Opens a new browser instance to the optional ``url``.</doc>
<msg timestamp="20220115 19:44:09.315" level="INFO">Opening browser 'chrome' to base url 'https://training-wheels-protocol.herokuapp.com'.</msg>
<status status="PASS" starttime="20220115 19:44:09.314" endtime="20220115 19:44:17.325"/>
</kw>
<status status="PASS" starttime="20220115 19:44:09.314" endtime="20220115 19:44:17.326"/>
</kw>
<kw name="Title Should Be" library="SeleniumLibrary">
<arg>Training Wheels Protocol</arg>
<doc>Verifies that the current page title equals ``title``.</doc>
<msg timestamp="20220115 19:44:17.334" level="INFO">Page title is 'Training Wheels Protocol'.</msg>
<status status="PASS" starttime="20220115 19:44:17.326" endtime="20220115 19:44:17.334"/>
</kw>
<kw name="Encerrar sessão" library="base" type="TEARDOWN">
<kw name="Capture Page Screenshot" library="SeleniumLibrary">
<doc>Takes a screenshot of the current page and embeds it into a log file.</doc>
<msg timestamp="20220115 19:44:17.492" level="INFO" html="true">&lt;/td&gt;&lt;/tr&gt;&lt;tr&gt;&lt;td colspan="3"&gt;&lt;a href="selenium-screenshot-4.png"&gt;&lt;img src="selenium-screenshot-4.png" width="800px"&gt;&lt;/a&gt;</msg>
<status status="PASS" starttime="20220115 19:44:17.335" endtime="20220115 19:44:17.492"/>
</kw>
<kw name="Close Browser" library="SeleniumLibrary">
<doc>Closes the current browser.</doc>
<status status="PASS" starttime="20220115 19:44:17.492" endtime="20220115 19:44:19.625"/>
</kw>
<status status="PASS" starttime="20220115 19:44:17.335" endtime="20220115 19:44:19.626"/>
</kw>
<status status="PASS" starttime="20220115 19:44:09.314" endtime="20220115 19:44:19.626"/>
</test>
<status status="PASS" starttime="20220115 19:44:09.309" endtime="20220115 19:44:19.630"/>
</suite>
<status status="PASS" starttime="20220115 19:43:38.743" endtime="20220115 19:44:19.634"/>
</suite>
<statistics>
<total>
<stat pass="4" fail="0" skip="0">All Tests</stat>
</total>
<tag>
<stat pass="2" fail="0" skip="0">ironman</stat>
</tag>
<suite>
<stat pass="4" fail="0" skip="0" id="s1" name="Tests">Tests</stat>
<stat pass="3" fail="0" skip="0" id="s1-s1" name="Checkbox">Tests.Checkbox</stat>
<stat pass="1" fail="0" skip="0" id="s1-s2" name="Title">Tests.Title</stat>
</suite>
</statistics>
<errors>
</errors>
</robot>
